-==NEW RUN==-
[(42.0, 42.0), (34.5, 34.5), (5.0, 5.0), (-60.0, -60.0), (13.0, 13.0), (31.0, 31.0), (63.0, 63.0), (40.5, 40.5), (0.0, 0.0), (0.0, 0.0), (40.75, 40.75), (63.5, 63.5)]
[(47.25, 47.25), (36.25, 36.25)]
[(42.625, 42.625), (29.25, 29.25), (32.25, 32.25)]
[(42.25, 42.25), (29.25, 29.25), (32.0, 32.0)]
[(41.875, 41.875), (29.25, 29.25), (32.0, 32.0)]
[(47.25, 47.25), (36.25, 36.25)]
[(47.25, 47.25), (36.5, 36.5)]
[(41.125, 41.125), (29.0, 29.0), (32.25, 32.25)]
[(40.875, 40.875), (29.0, 29.0), (32.25, 32.25)]
[(58.0, 58.0), (69.0, 69.0), (84.0, 84.0)]
[(44.0, 44.0)]
[(44.0, 44.0)]
[(44.0, 44.0)]
[(55.85, 55.85), (55.85, 55.85), (67.85, 67.85)]
[(55.85, 55.85), (55.85, 55.85), (67.85, 67.85)]
[(55.85, 55.85), (55.85, 55.85), (67.85, 67.85)]
[(55.85, 55.85), (55.85, 55.85), (69.85, 69.85)]
[(55.85, 55.85), (55.85, 55.85), (69.85, 69.85)]
[(55.85, 55.85), (55.85, 55.85), (69.85, 69.85)]
[(55.85, 55.85), (55.85, 55.85), (69.85, 69.85)]
[(55.85, 55.85), (55.85, 55.85), (69.85, 69.85)]
[(55.85, 55.85), (55.85, 55.85), (69.85, 69.85)]
[(44.0, 44.0)]
[(44.0, 44.0)]
[(59.0, 59.0), (70.0, 70.0), (86.0, 86.0)]
[(59.0, 59.0), (70.0, 70.0), (86.0, 86.0)]
[(37.0, 37.0), (35.0, 35.0), (31.0, 31.0)]
[(36.75, 36.75), (28.5, 28.5), (31.75, 31.75)]
[(59.0, 59.0), (70.0, 70.0), (86.0, 86.0)]
[(59.0, 59.0), (70.0, 70.0), (86.0, 86.0)]
[(44.0, 44.0)]
[(55.85, 55.85), (55.85, 55.85), (70.85, 70.85)]
[(55.85, 55.85), (55.85, 55.85), (70.85, 70.85)]
[(44.0, 44.0)]
[(59.0, 59.0), (70.0, 70.0), (86.0, 86.0)]
[(36.0, 36.0), (28.75, 28.75), (32.25, 32.25)]
[(36.0, 36.0), (28.25, 28.25), (32.25, 32.25)]
[(59.0, 59.0), (70.0, 70.0), (86.0, 86.0)]
[(59.0, 59.0), (70.0, 70.0), (86.0, 86.0)]
[(35.625, 35.625), (31.25, 31.25), (32.25, 32.25)]
[(47.25, 47.25), (36.5, 36.5)]
[(42.0, 42.0), (33.5, 33.5), (5.0, 5.0), (-60.0, -60.0), (13.0, 13.0), (31.0, 31.0), (63.0, 63.0), (35.5, 35.5), (0.0, 0.0), (0.0, 0.0), (35.625, 35.625), (63.5, 63.5)]
[(42.0, 42.0), (33.5, 33.5), (5.0, 5.0), (-60.0, -60.0), (13.0, 13.0), (31.0, 31.0), (63.0, 63.0), (35.5, 35.5), (0.0, 0.0), (0.0, 0.0), (35.625, 35.625), (63.5, 63.5)]
[(47.25, 47.25), (36.5, 36.5)]
[(47.25, 47.25), (36.5, 36.5)]
[(35.0, 35.0), (31.0, 31.0), (31.75, 31.75)]
[(59.0, 59.0), (70.0, 70.0), (86.0, 86.0)]
[(59.0, 59.0), (70.0, 70.0), (86.0, 86.0)]
[(59.0, 59.0), (70.0, 70.0), (86.0, 86.0)]
[(59.0, 59.0), (70.0, 70.0), (86.0, 86.0)]
[(44.0, 44.0)]
[(44.0, 44.0)]
[(55.85, 55.85), (55.85, 55.85), (71.85, 71.85)]
[(55.85, 55.85), (55.85, 55.85), (71.85, 71.85)]
[(44.0, 44.0)]
[(44.0, 44.0)]
[(59.0, 59.0), (70.0, 70.0), (86.0, 86.0)]
[(59.0, 59.0), (70.0, 70.0), (86.0, 86.0)]
[(34.625, 34.625), (29.5, 29.5), (32.25, 32.25)]
[(34.5, 34.5), (28.75, 28.75), (31.5, 31.5)]
[(47.25, 47.25), (36.5, 36.5)]
[(47.25, 47.25), (36.5, 36.5)]
[(42.0, 42.0), (33.0, 33.0), (5.0, 5.0), (-60.0, -60.0), (13.0, 13.0), (31.0, 31.0), (63.0, 63.0), (34.0, 34.0), (0.0, 0.0), (0.0, 0.0), (34.375, 34.375), (63.5, 63.5)]
[(42.0, 42.0), (33.0, 33.0), (5.0, 5.0), (-60.0, -60.0), (13.0, 13.0), (31.0, 31.0), (63.0, 63.0), (34.0, 34.0), (0.0, 0.0), (0.0, 0.0), (34.375, 34.375), (63.5, 63.5)]
[(47.25, 47.25), (36.5, 36.5)]
[(47.25, 47.25), (36.5, 36.5)]
[(42.0, 42.0), (33.0, 33.0), (5.0, 5.0), (-60.0, -60.0), (13.0, 13.0), (31.0, 31.0), (63.0, 63.0), (34.0, 34.0), (0.0, 0.0), (0.0, 0.0), (34.375, 34.375), (63.5, 63.5)]
[(47.25, 47.25), (36.5, 36.5)]
[(33.875, 33.875), (29.0, 29.0), (32.5, 32.5)]
[(33.75, 33.75), (28.5, 28.5), (32.5, 32.5)]
[(33.875, 33.875), (29.75, 29.75), (32.25, 32.25)]
[(59.0, 59.0), (70.0, 70.0), (86.0, 86.0)]
[(59.0, 59.0), (70.0, 70.0), (86.0, 86.0)]
[(33.875, 33.875), (29.25, 29.25), (31.75, 31.75)]
[(33.875, 33.875), (29.25, 29.25), (31.75, 31.75)]
[(59.0, 59.0), (70.0, 70.0), (86.0, 86.0)]
[(59.0, 59.0), (70.0, 70.0), (86.0, 86.0)]
[(44.0, 44.0)]
[(55.85, 55.85), (55.85, 55.85), (67.85, 67.85)]
[(55.85, 55.85), (55.85, 55.85), (67.85, 67.85)]
[(44.0, 44.0)]
[(44.0, 44.0)]
[(44.0, 44.0)]
[(44.0, 44.0)]
[(44.0, 44.0)]
[(44.0, 44.0)]
[(44.0, 44.0)]
[(44.0, 44.0)]
[(44.0, 44.0)]
[(44.0, 44.0)]
[(44.0, 44.0)]
[(44.0, 44.0)]
[(44.0, 44.0)]
[(44.0, 44.0)]
[(59.0, 59.0), (70.0, 70.0), (86.0, 86.0)]
[(32.75, 32.75), (29.25, 29.25), (32.0, 32.0)]
[(32.625, 32.625), (29.0, 29.0), (32.0, 32.0)]
[(32.625, 32.625), (29.0, 29.0), (32.75, 32.75)]
[(32.5, 32.5), (28.75, 28.75), (32.0, 32.0)]
[(32.5, 32.5), (29.0, 29.0), (32.25, 32.25)]
[(32.5, 32.5), (29.25, 29.25), (32.25, 32.25)]
[(32.5, 32.5), (29.25, 29.25), (32.25, 32.25)]
[(32.375, 32.375), (28.75, 28.75), (31.75, 31.75)]
[(32.375, 32.375), (29.0, 29.0), (32.25, 32.25)]
[(32.25, 32.25), (28.75, 28.75), (32.0, 32.0)]
[(32.25, 32.25), (29.0, 29.0), (31.75, 31.75)]
[(32.5, 32.5), (29.0, 29.0), (32.5, 32.5)]
[(32.375, 32.375), (29.75, 29.75), (32.5, 32.5)]
[(32.375, 32.375), (29.0, 29.0), (32.5, 32.5)]
[(32.25, 32.25), (28.75, 28.75), (31.75, 31.75)]
[(32.25, 32.25), (29.0, 29.0), (31.75, 31.75)]
[(32.25, 32.25), (28.5, 28.5), (32.25, 32.25)]
[(32.125, 32.125), (28.75, 28.75), (32.0, 32.0)]
[(32.125, 32.125), (29.0, 29.0), (31.75, 31.75)]
[(32.25, 32.25), (29.25, 29.25), (32.5, 32.5)]
[(32.25, 32.25), (29.25, 29.25), (32.5, 32.5)]
[(32.25, 32.25), (29.0, 29.0), (31.5, 31.5)]
[(32.125, 32.125), (28.75, 28.75), (31.75, 31.75)]
[(32.125, 32.125), (29.25, 29.25), (32.5, 32.5)]
[(32.125, 32.125), (29.0, 29.0), (32.0, 32.0)]
[(32.125, 32.125), (29.0, 29.0), (31.25, 31.25)]
[(32.125, 32.125), (29.0, 29.0), (32.0, 32.0)]
[(32.125, 32.125), (29.0, 29.0), (32.0, 32.0)]
[(32.125, 32.125), (29.0, 29.0), (32.0, 32.0)]
[(32.125, 32.125), (28.75, 28.75), (32.25, 32.25)]
[(32.0, 32.0), (28.75, 28.75), (31.75, 31.75)]
[(32.125, 32.125), (28.5, 28.5), (31.75, 31.75)]
[(32.0, 32.0), (29.25, 29.25), (31.75, 31.75)]
[(32.0, 32.0), (29.0, 29.0), (32.25, 32.25)]
[(32.0, 32.0), (29.25, 29.25), (31.75, 31.75)]
[(31.875, 31.875), (28.25, 28.25), (32.0, 32.0)]
[(31.875, 31.875), (28.5, 28.5), (31.75, 31.75)]
[(31.875, 31.875), (29.75, 29.75), (31.75, 31.75)]
[(31.875, 31.875), (28.75, 28.75), (31.75, 31.75)]
[(31.875, 31.875), (28.75, 28.75), (31.25, 31.25)]
[(31.875, 31.875), (29.75, 29.75), (32.25, 32.25)]
[(31.875, 31.875), (29.0, 29.0), (31.75, 31.75)]
[(31.875, 31.875), (28.75, 28.75), (32.25, 32.25)]
[(32.125, 32.125), (29.0, 29.0), (31.75, 31.75)]
[(32.0, 32.0), (28.5, 28.5), (31.75, 31.75)]
[(32.0, 32.0), (29.5, 29.5), (32.25, 32.25)]
[(32.0, 32.0), (29.5, 29.5), (32.5, 32.5)]
[(32.0, 32.0), (29.0, 29.0), (31.5, 31.5)]
[(32.0, 32.0), (28.5, 28.5), (31.5, 31.5)]
[(32.0, 32.0), (28.75, 28.75), (32.0, 32.0)]
[(31.875, 31.875), (29.0, 29.0), (32.25, 32.25)]
[(31.875, 31.875), (29.25, 29.25), (32.25, 32.25)]
[(31.875, 31.875), (28.5, 28.5), (32.25, 32.25)]
[(31.875, 31.875), (29.0, 29.0), (31.5, 31.5)]
[(31.875, 31.875), (29.25, 29.25), (32.5, 32.5)]
[(31.875, 31.875), (29.25, 29.25), (32.25, 32.25)]
[(31.875, 31.875), (29.0, 29.0), (32.0, 32.0)]
[(31.875, 31.875), (28.75, 28.75), (32.25, 32.25)]
[(31.75, 31.75), (28.75, 28.75), (32.0, 32.0)]
[(32.125, 32.125), (41.5, 41.5), (32.5, 32.5)]
[(32.5, 32.5), (29.5, 29.5), (32.5, 32.5)]
[(32.375, 32.375), (29.25, 29.25), (31.5, 31.5)]
[(32.375, 32.375), (29.25, 29.25), (32.0, 32.0)]
[(32.375, 32.375), (28.75, 28.75), (32.0, 32.0)]
[(32.25, 32.25), (29.0, 29.0), (31.75, 31.75)]
[(32.25, 32.25), (29.0, 29.0), (31.5, 31.5)]
[(32.25, 32.25), (29.0, 29.0), (31.5, 31.5)]
[(32.25, 32.25), (28.5, 28.5), (31.5, 31.5)]
[(59.0, 59.0), (70.0, 70.0), (86.0, 86.0)]
[(59.0, 59.0), (70.0, 70.0), (86.0, 86.0)]
[(58.0, 58.0), (70.0, 70.0), (86.0, 86.0)]
[(58.0, 58.0), (70.0, 70.0), (86.0, 86.0)]
[(58.0, 58.0), (70.0, 70.0), (86.0, 86.0)]
[(58.0, 58.0), (70.0, 70.0), (86.0, 86.0)]
[(58.0, 58.0), (70.0, 70.0), (86.0, 86.0)]
[(58.0, 58.0), (70.0, 70.0), (86.0, 86.0)]
[(58.0, 58.0), (70.0, 70.0), (86.0, 86.0)]
[(58.0, 58.0), (70.0, 70.0), (86.0, 86.0)]
[(58.0, 58.0), (70.0, 70.0), (86.0, 86.0)]
[(58.0, 58.0), (70.0, 70.0), (86.0, 86.0)]
[(58.0, 58.0), (70.0, 70.0), (86.0, 86.0)]
[(58.0, 58.0), (70.0, 70.0), (86.0, 86.0)]
[(58.0, 58.0), (70.0, 70.0), (86.0, 86.0)]
[(58.0, 58.0), (70.0, 70.0), (86.0, 86.0)]
[(58.0, 58.0), (70.0, 70.0), (86.0, 86.0)]
[(58.0, 58.0), (70.0, 70.0), (86.0, 86.0)]
[(58.0, 58.0), (70.0, 70.0), (86.0, 86.0)]
[(58.0, 58.0), (70.0, 70.0), (86.0, 86.0)]
[(58.0, 58.0), (70.0, 70.0), (86.0, 86.0)]
[(58.0, 58.0), (70.0, 70.0), (86.0, 86.0)]
[(58.0, 58.0), (70.0, 70.0), (86.0, 86.0)]
[(58.0, 58.0), (70.0, 70.0), (86.0, 86.0)]
[(58.0, 58.0), (69.0, 69.0), (86.0, 86.0)]
[(58.0, 58.0), (69.0, 69.0), (86.0, 86.0)]
[(58.0, 58.0), (70.0, 70.0), (86.0, 86.0)]
[(58.0, 58.0), (70.0, 70.0), (86.0, 86.0)]
[(58.0, 58.0), (69.0, 69.0), (86.0, 86.0)]
[(58.0, 58.0), (70.0, 70.0), (86.0, 86.0)]
[(58.0, 58.0), (70.0, 70.0), (86.0, 86.0)]
[(58.0, 58.0), (69.0, 69.0), (86.0, 86.0)]
[(58.0, 58.0), (70.0, 70.0), (86.0, 86.0)]
[(58.0, 58.0), (69.0, 69.0), (86.0, 86.0)]
[(58.0, 58.0), (69.0, 69.0), (86.0, 86.0)]
[(58.0, 58.0), (70.0, 70.0), (86.0, 86.0)]
[(58.0, 58.0), (70.0, 70.0), (86.0, 86.0)]
[(58.0, 58.0), (70.0, 70.0), (86.0, 86.0)]
[(58.0, 58.0), (69.0, 69.0), (86.0, 86.0)]
[(58.0, 58.0), (69.0, 69.0), (86.0, 86.0)]
[(58.0, 58.0), (69.0, 69.0), (86.0, 86.0)]
[(58.0, 58.0), (69.0, 69.0), (86.0, 86.0)]
[(58.0, 58.0), (69.0, 69.0), (86.0, 86.0)]
[(58.0, 58.0), (69.0, 69.0), (86.0, 86.0)]
[(58.0, 58.0), (69.0, 69.0), (86.0, 86.0)]
[(58.0, 58.0), (69.0, 69.0), (86.0, 86.0)]
[(58.0, 58.0), (69.0, 69.0), (86.0, 86.0)]
[(58.0, 58.0), (69.0, 69.0), (86.0, 86.0)]
[(58.0, 58.0), (69.0, 69.0), (86.0, 86.0)]
[(58.0, 58.0), (69.0, 69.0), (86.0, 86.0)]
[(58.0, 58.0), (69.0, 69.0), (86.0, 86.0)]
[(58.0, 58.0), (69.0, 69.0), (86.0, 86.0)]
[(58.0, 58.0), (69.0, 69.0), (86.0, 86.0)]
[(58.0, 58.0), (69.0, 69.0), (86.0, 86.0)]
[(58.0, 58.0), (69.0, 69.0), (86.0, 86.0)]
[(58.0, 58.0), (69.0, 69.0), (86.0, 86.0)]
[(58.0, 58.0), (69.0, 69.0), (86.0, 86.0)]
[(58.0, 58.0), (69.0, 69.0), (86.0, 86.0)]
[(58.0, 58.0), (69.0, 69.0), (86.0, 86.0)]
[(58.0, 58.0), (69.0, 69.0), (86.0, 86.0)]
[(58.0, 58.0), (69.0, 69.0), (86.0, 86.0)]
[(44.0, 44.0)]
[(44.0, 44.0)]
[(44.0, 44.0)]
[(58.0, 58.0), (69.0, 69.0), (86.0, 86.0)]
[(58.0, 58.0), (69.0, 69.0), (86.0, 86.0)]
[(31.5, 31.5), (34.75, 34.75), (31.5, 31.5)]
[(31.625, 31.625), (40.75, 40.75), (31.5, 31.5)]
[(47.25, 47.25), (36.75, 36.75)]
[(42.0, 42.0), (32.5, 32.5), (5.0, 5.0), (-60.0, -60.0), (13.0, 13.0), (31.0, 31.0), (63.0, 63.0), (32.0, 32.0), (0.0, 0.0), (0.0, 0.0), (32.25, 32.25), (63.5, 63.5)]
[(42.0, 42.0), (32.5, 32.5), (5.0, 5.0), (-60.0, -60.0), (13.0, 13.0), (31.0, 31.0), (63.0, 63.0), (32.0, 32.0), (0.0, 0.0), (0.0, 0.0), (32.25, 32.25), (63.5, 63.5)]
[(42.0, 42.0), (32.5, 32.5), (5.0, 5.0), (-60.0, -60.0), (13.0, 13.0), (31.0, 31.0), (63.0, 63.0), (32.0, 32.0), (0.0, 0.0), (0.0, 0.0), (32.25, 32.25), (63.5, 63.5)]
[(42.0, 42.0), (32.5, 32.5), (5.0, 5.0), (-60.0, -60.0), (13.0, 13.0), (31.0, 31.0), (63.0, 63.0), (32.0, 32.0), (0.0, 0.0), (0.0, 0.0), (32.25, 32.25), (63.5, 63.5)]
[(42.0, 42.0), (32.5, 32.5), (5.0, 5.0), (-60.0, -60.0), (13.0, 13.0), (31.0, 31.0), (63.0, 63.0), (32.0, 32.0), (0.0, 0.0), (0.0, 0.0), (32.25, 32.25), (63.5, 63.5)]
[(42.0, 42.0), (32.5, 32.5), (5.0, 5.0), (-60.0, -60.0), (13.0, 13.0), (31.0, 31.0), (63.0, 63.0), (32.5, 32.5), (0.0, 0.0), (0.0, 0.0), (32.5, 32.5), (63.5, 63.5)]
[(42.0, 42.0), (32.5, 32.5), (5.0, 5.0), (-60.0, -60.0), (13.0, 13.0), (31.0, 31.0), (63.0, 63.0), (32.5, 32.5), (0.0, 0.0), (0.0, 0.0), (32.5, 32.5), (63.5, 63.5)]
[(42.0, 42.0), (32.5, 32.5), (5.0, 5.0), (-60.0, -60.0), (13.0, 13.0), (31.0, 31.0), (63.0, 63.0), (32.5, 32.5), (0.0, 0.0), (0.0, 0.0), (32.5, 32.5), (63.5, 63.5)]
[(47.25, 47.25), (36.5, 36.5)]
[(47.25, 47.25), (36.5, 36.5)]
[(47.25, 47.25), (36.5, 36.5)]
[(47.25, 47.25), (36.5, 36.5)]
[(42.0, 42.0), (32.5, 32.5), (5.0, 5.0), (-60.0, -60.0), (13.0, 13.0), (31.0, 31.0), (63.0, 63.0), (32.0, 32.0), (0.0, 0.0), (0.0, 0.0), (32.25, 32.25), (63.5, 63.5)]
[(42.0, 42.0), (32.5, 32.5), (5.0, 5.0), (-60.0, -60.0), (13.0, 13.0), (31.0, 31.0), (63.0, 63.0), (32.0, 32.0), (0.0, 0.0), (0.0, 0.0), (32.25, 32.25), (63.5, 63.5)]
[(42.0, 42.0), (32.5, 32.5), (5.0, 5.0), (-60.0, -60.0), (13.0, 13.0), (31.0, 31.0), (63.0, 63.0), (32.0, 32.0), (0.0, 0.0), (0.0, 0.0), (32.25, 32.25), (63.5, 63.5)]
[(42.0, 42.0), (32.5, 32.5), (5.0, 5.0), (-60.0, -60.0), (13.0, 13.0), (31.0, 31.0), (63.0, 63.0), (32.0, 32.0), (0.0, 0.0), (0.0, 0.0), (32.25, 32.25), (63.5, 63.5)]
[(42.0, 42.0), (32.5, 32.5), (5.0, 5.0), (-60.0, -60.0), (13.0, 13.0), (31.0, 31.0), (63.0, 63.0), (32.0, 32.0), (0.0, 0.0), (0.0, 0.0), (32.25, 32.25), (63.5, 63.5)]
[(42.0, 42.0), (32.5, 32.5), (5.0, 5.0), (-60.0, -60.0), (13.0, 13.0), (31.0, 31.0), (63.0, 63.0), (32.0, 32.0), (0.0, 0.0), (0.0, 0.0), (32.375, 32.375), (63.5, 63.5)]
[(42.0, 42.0), (32.5, 32.5), (5.0, 5.0), (-60.0, -60.0), (13.0, 13.0), (31.0, 31.0), (63.0, 63.0), (32.0, 32.0), (0.0, 0.0), (0.0, 0.0), (32.375, 32.375), (63.5, 63.5)]
[(42.0, 42.0), (32.5, 32.5), (5.0, 5.0), (-60.0, -60.0), (13.0, 13.0), (31.0, 31.0), (63.0, 63.0), (32.0, 32.0), (0.0, 0.0), (0.0, 0.0), (32.375, 32.375), (63.5, 63.5)]
[(42.0, 42.0), (32.5, 32.5), (5.0, 5.0), (-60.0, -60.0), (13.0, 13.0), (31.0, 31.0), (63.0, 63.0), (32.0, 32.0), (0.0, 0.0), (0.0, 0.0), (32.375, 32.375), (63.5, 63.5)]
[(42.0, 42.0), (32.5, 32.5), (5.0, 5.0), (-60.0, -60.0), (13.0, 13.0), (31.0, 31.0), (63.0, 63.0), (32.0, 32.0), (0.0, 0.0), (0.0, 0.0), (32.375, 32.375), (63.5, 63.5)]
[(42.0, 42.0), (32.5, 32.5), (5.0, 5.0), (-60.0, -60.0), (13.0, 13.0), (31.0, 31.0), (63.0, 63.0), (33.0, 33.0), (0.0, 0.0), (0.0, 0.0), (33.0, 33.0), (63.5, 63.5)]
[(42.0, 42.0), (32.5, 32.5), (5.0, 5.0), (-60.0, -60.0), (13.0, 13.0), (31.0, 31.0), (63.0, 63.0), (33.0, 33.0), (0.0, 0.0), (0.0, 0.0), (33.0, 33.0), (63.5, 63.5)]
[(42.0, 42.0), (32.5, 32.5), (5.0, 5.0), (-60.0, -60.0), (13.0, 13.0), (31.0, 31.0), (63.0, 63.0), (33.0, 33.0), (0.0, 0.0), (0.0, 0.0), (33.0, 33.0), (63.5, 63.5)]
[(42.0, 42.0), (32.5, 32.5), (5.0, 5.0), (-60.0, -60.0), (13.0, 13.0), (31.0, 31.0), (63.0, 63.0), (33.0, 33.0), (0.0, 0.0), (0.0, 0.0), (33.0, 33.0), (63.5, 63.5)]
[(42.0, 42.0), (32.5, 32.5), (5.0, 5.0), (-60.0, -60.0), (13.0, 13.0), (31.0, 31.0), (63.0, 63.0), (33.0, 33.0), (0.0, 0.0), (0.0, 0.0), (33.0, 33.0), (63.5, 63.5)]
[(42.0, 42.0), (32.5, 32.5), (5.0, 5.0), (-60.0, -60.0), (13.0, 13.0), (31.0, 31.0), (63.0, 63.0), (32.5, 32.5), (0.0, 0.0), (0.0, 0.0), (32.625, 32.625), (63.5, 63.5)]
[(42.0, 42.0), (32.5, 32.5), (5.0, 5.0), (-60.0, -60.0), (13.0, 13.0), (31.0, 31.0), (63.0, 63.0), (32.5, 32.5), (0.0, 0.0), (0.0, 0.0), (32.625, 32.625), (63.5, 63.5)]
[(42.0, 42.0), (32.5, 32.5), (5.0, 5.0), (-60.0, -60.0), (13.0, 13.0), (31.0, 31.0), (63.0, 63.0), (32.5, 32.5), (0.0, 0.0), (0.0, 0.0), (32.625, 32.625), (63.5, 63.5)]
[(42.0, 42.0), (32.5, 32.5), (5.0, 5.0), (-60.0, -60.0), (13.0, 13.0), (31.0, 31.0), (63.0, 63.0), (32.5, 32.5), (0.0, 0.0), (0.0, 0.0), (32.625, 32.625), (63.5, 63.5)]
[(42.0, 42.0), (32.5, 32.5), (5.0, 5.0), (-60.0, -60.0), (13.0, 13.0), (31.0, 31.0), (63.0, 63.0), (32.5, 32.5), (0.0, 0.0), (0.0, 0.0), (32.625, 32.625), (63.5, 63.5)]
[(42.0, 42.0), (32.5, 32.5), (5.0, 5.0), (-60.0, -60.0), (13.0, 13.0), (31.0, 31.0), (63.0, 63.0), (35.5, 35.5), (0.0, 0.0), (0.0, 0.0), (35.875, 35.875), (63.5, 63.5)]
[(42.0, 42.0), (32.5, 32.5), (5.0, 5.0), (-60.0, -60.0), (13.0, 13.0), (31.0, 31.0), (63.0, 63.0), (35.5, 35.5), (0.0, 0.0), (0.0, 0.0), (35.875, 35.875), (63.5, 63.5)]
[(42.0, 42.0), (32.5, 32.5), (5.0, 5.0), (-60.0, -60.0), (13.0, 13.0), (31.0, 31.0), (63.0, 63.0), (35.5, 35.5), (0.0, 0.0), (0.0, 0.0), (35.875, 35.875), (63.5, 63.5)]
[(42.0, 42.0), (32.5, 32.5), (5.0, 5.0), (-60.0, -60.0), (13.0, 13.0), (31.0, 31.0), (63.0, 63.0), (35.5, 35.5), (0.0, 0.0), (0.0, 0.0), (35.875, 35.875), (63.5, 63.5)]
[(42.0, 42.0), (32.5, 32.5), (5.0, 5.0), (-60.0, -60.0), (13.0, 13.0), (31.0, 31.0), (63.0, 63.0), (35.5, 35.5), (0.0, 0.0), (0.0, 0.0), (35.875, 35.875), (63.5, 63.5)]
[(42.0, 42.0), (32.5, 32.5), (5.0, 5.0), (-60.0, -60.0), (13.0, 13.0), (31.0, 31.0), (63.0, 63.0), (35.0, 35.0), (0.0, 0.0), (0.0, 0.0), (35.0, 35.0), (63.5, 63.5)]
[(42.0, 42.0), (32.5, 32.5), (5.0, 5.0), (-60.0, -60.0), (13.0, 13.0), (31.0, 31.0), (63.0, 63.0), (35.0, 35.0), (0.0, 0.0), (0.0, 0.0), (35.0, 35.0), (63.5, 63.5)]
[(42.0, 42.0), (32.5, 32.5), (5.0, 5.0), (-60.0, -60.0), (13.0, 13.0), (31.0, 31.0), (63.0, 63.0), (35.0, 35.0), (0.0, 0.0), (0.0, 0.0), (35.0, 35.0), (63.5, 63.5)]
[(42.0, 42.0), (32.5, 32.5), (5.0, 5.0), (-60.0, -60.0), (13.0, 13.0), (31.0, 31.0), (63.0, 63.0), (35.0, 35.0), (0.0, 0.0), (0.0, 0.0), (35.0, 35.0), (63.5, 63.5)]
[(42.0, 42.0), (32.5, 32.5), (5.0, 5.0), (-60.0, -60.0), (13.0, 13.0), (31.0, 31.0), (63.0, 63.0), (35.0, 35.0), (0.0, 0.0), (0.0, 0.0), (35.0, 35.0), (63.5, 63.5)]
[(42.0, 42.0), (32.5, 32.5), (5.0, 5.0), (-60.0, -60.0), (13.0, 13.0), (31.0, 31.0), (63.0, 63.0), (35.0, 35.0), (0.0, 0.0), (0.0, 0.0), (35.125, 35.125), (63.5, 63.5)]
[(42.0, 42.0), (32.5, 32.5), (5.0, 5.0), (-60.0, -60.0), (13.0, 13.0), (31.0, 31.0), (63.0, 63.0), (35.0, 35.0), (0.0, 0.0), (0.0, 0.0), (35.125, 35.125), (63.5, 63.5)]
[(42.0, 42.0), (32.5, 32.5), (5.0, 5.0), (-60.0, -60.0), (13.0, 13.0), (31.0, 31.0), (63.0, 63.0), (35.0, 35.0), (0.0, 0.0), (0.0, 0.0), (35.125, 35.125), (63.5, 63.5)]
[(42.0, 42.0), (32.5, 32.5), (5.0, 5.0), (-60.0, -60.0), (13.0, 13.0), (31.0, 31.0), (63.0, 63.0), (35.0, 35.0), (0.0, 0.0), (0.0, 0.0), (35.125, 35.125), (63.5, 63.5)]
[(42.0, 42.0), (32.5, 32.5), (5.0, 5.0), (-60.0, -60.0), (13.0, 13.0), (31.0, 31.0), (63.0, 63.0), (35.0, 35.0), (0.0, 0.0), (0.0, 0.0), (35.125, 35.125), (63.5, 63.5)]
[(42.0, 42.0), (32.5, 32.5), (5.0, 5.0), (-60.0, -60.0), (13.0, 13.0), (31.0, 31.0), (63.0, 63.0), (34.5, 34.5), (0.0, 0.0), (0.0, 0.0), (34.5, 34.5), (63.5, 63.5)]
[(42.0, 42.0), (32.5, 32.5), (5.0, 5.0), (-60.0, -60.0), (13.0, 13.0), (31.0, 31.0), (63.0, 63.0), (34.5, 34.5), (0.0, 0.0), (0.0, 0.0), (34.5, 34.5), (63.5, 63.5)]
[(42.0, 42.0), (32.5, 32.5), (5.0, 5.0), (-60.0, -60.0), (13.0, 13.0), (31.0, 31.0), (63.0, 63.0), (34.5, 34.5), (0.0, 0.0), (0.0, 0.0), (34.5, 34.5), (63.5, 63.5)]
[(42.0, 42.0), (32.5, 32.5), (5.0, 5.0), (-60.0, -60.0), (13.0, 13.0), (31.0, 31.0), (63.0, 63.0), (34.5, 34.5), (0.0, 0.0), (0.0, 0.0), (34.5, 34.5), (63.5, 63.5)]
[(42.0, 42.0), (32.5, 32.5), (5.0, 5.0), (-60.0, -60.0), (13.0, 13.0), (31.0, 31.0), (63.0, 63.0), (34.5, 34.5), (0.0, 0.0), (0.0, 0.0), (34.5, 34.5), (63.5, 63.5)]
[(42.0, 42.0), (32.5, 32.5), (5.0, 5.0), (-60.0, -60.0), (13.0, 13.0), (31.0, 31.0), (63.0, 63.0), (34.0, 34.0), (0.0, 0.0), (0.0, 0.0), (34.0, 34.0), (63.5, 63.5)]
[(42.0, 42.0), (32.5, 32.5), (5.0, 5.0), (-60.0, -60.0), (13.0, 13.0), (31.0, 31.0), (63.0, 63.0), (34.0, 34.0), (0.0, 0.0), (0.0, 0.0), (34.0, 34.0), (63.5, 63.5)]
[(42.0, 42.0), (32.5, 32.5), (5.0, 5.0), (-60.0, -60.0), (13.0, 13.0), (31.0, 31.0), (63.0, 63.0), (34.0, 34.0), (0.0, 0.0), (0.0, 0.0), (34.0, 34.0), (63.5, 63.5)]
[(42.0, 42.0), (32.5, 32.5), (5.0, 5.0), (-60.0, -60.0), (13.0, 13.0), (31.0, 31.0), (63.0, 63.0), (34.0, 34.0), (0.0, 0.0), (0.0, 0.0), (34.0, 34.0), (63.5, 63.5)]
[(42.0, 42.0), (32.5, 32.5), (5.0, 5.0), (-60.0, -60.0), (13.0, 13.0), (31.0, 31.0), (63.0, 63.0), (34.0, 34.0), (0.0, 0.0), (0.0, 0.0), (34.0, 34.0), (63.5, 63.5)]
[(42.0, 42.0), (32.5, 32.5), (5.0, 5.0), (-60.0, -60.0), (13.0, 13.0), (31.0, 31.0), (63.0, 63.0), (33.5, 33.5), (0.0, 0.0), (0.0, 0.0), (33.5, 33.5), (63.5, 63.5)]
[(42.0, 42.0), (32.5, 32.5), (5.0, 5.0), (-60.0, -60.0), (13.0, 13.0), (31.0, 31.0), (63.0, 63.0), (33.5, 33.5), (0.0, 0.0), (0.0, 0.0), (33.5, 33.5), (63.5, 63.5)]
[(42.0, 42.0), (32.5, 32.5), (5.0, 5.0), (-60.0, -60.0), (13.0, 13.0), (31.0, 31.0), (63.0, 63.0), (33.5, 33.5), (0.0, 0.0), (0.0, 0.0), (33.5, 33.5), (63.5, 63.5)]
[(42.0, 42.0), (32.5, 32.5), (5.0, 5.0), (-60.0, -60.0), (13.0, 13.0), (31.0, 31.0), (63.0, 63.0), (33.5, 33.5), (0.0, 0.0), (0.0, 0.0), (33.5, 33.5), (63.5, 63.5)]
[(42.0, 42.0), (32.5, 32.5), (5.0, 5.0), (-60.0, -60.0), (13.0, 13.0), (31.0, 31.0), (63.0, 63.0), (33.5, 33.5), (0.0, 0.0), (0.0, 0.0), (33.5, 33.5), (63.5, 63.5)]
[(42.0, 42.0), (32.0, 32.0), (5.0, 5.0), (-60.0, -60.0), (13.0, 13.0), (31.0, 31.0), (63.0, 63.0), (33.0, 33.0), (0.0, 0.0), (0.0, 0.0), (33.125, 33.125), (63.5, 63.5)]
[(42.0, 42.0), (32.0, 32.0), (5.0, 5.0), (-60.0, -60.0), (13.0, 13.0), (31.0, 31.0), (63.0, 63.0), (33.0, 33.0), (0.0, 0.0), (0.0, 0.0), (33.125, 33.125), (63.5, 63.5)]
[(42.0, 42.0), (32.0, 32.0), (5.0, 5.0), (-60.0, -60.0), (13.0, 13.0), (31.0, 31.0), (63.0, 63.0), (33.0, 33.0), (0.0, 0.0), (0.0, 0.0), (33.125, 33.125), (63.5, 63.5)]
[(42.0, 42.0), (32.0, 32.0), (5.0, 5.0), (-60.0, -60.0), (13.0, 13.0), (31.0, 31.0), (63.0, 63.0), (33.0, 33.0), (0.0, 0.0), (0.0, 0.0), (33.125, 33.125), (63.5, 63.5)]
[(42.0, 42.0), (32.0, 32.0), (5.0, 5.0), (-60.0, -60.0), (13.0, 13.0), (31.0, 31.0), (63.0, 63.0), (33.0, 33.0), (0.0, 0.0), (0.0, 0.0), (33.125, 33.125), (63.5, 63.5)]
[(42.0, 42.0), (32.0, 32.0), (5.0, 5.0), (-60.0, -60.0), (13.0, 13.0), (31.0, 31.0), (63.0, 63.0), (33.0, 33.0), (0.0, 0.0), (0.0, 0.0), (33.0, 33.0), (63.5, 63.5)]
[(42.0, 42.0), (32.0, 32.0), (5.0, 5.0), (-60.0, -60.0), (13.0, 13.0), (31.0, 31.0), (63.0, 63.0), (33.0, 33.0), (0.0, 0.0), (0.0, 0.0), (33.0, 33.0), (63.5, 63.5)]
[(42.0, 42.0), (32.0, 32.0), (5.0, 5.0), (-60.0, -60.0), (13.0, 13.0), (31.0, 31.0), (63.0, 63.0), (33.0, 33.0), (0.0, 0.0), (0.0, 0.0), (33.0, 33.0), (63.5, 63.5)]
[(42.0, 42.0), (32.0, 32.0), (5.0, 5.0), (-60.0, -60.0), (13.0, 13.0), (31.0, 31.0), (63.0, 63.0), (33.0, 33.0), (0.0, 0.0), (0.0, 0.0), (33.0, 33.0), (63.5, 63.5)]
[(42.0, 42.0), (32.0, 32.0), (5.0, 5.0), (-60.0, -60.0), (13.0, 13.0), (31.0, 31.0), (63.0, 63.0), (33.0, 33.0), (0.0, 0.0), (0.0, 0.0), (33.0, 33.0), (63.5, 63.5)]
[(42.0, 42.0), (32.0, 32.0), (5.0, 5.0), (-60.0, -60.0), (13.0, 13.0), (31.0, 31.0), (63.0, 63.0), (32.5, 32.5), (0.0, 0.0), (0.0, 0.0), (32.625, 32.625), (63.5, 63.5)]
[(42.0, 42.0), (32.0, 32.0), (5.0, 5.0), (-60.0, -60.0), (13.0, 13.0), (31.0, 31.0), (63.0, 63.0), (32.5, 32.5), (0.0, 0.0), (0.0, 0.0), (32.625, 32.625), (63.5, 63.5)]
[(42.0, 42.0), (32.0, 32.0), (5.0, 5.0), (-60.0, -60.0), (13.0, 13.0), (31.0, 31.0), (63.0, 63.0), (32.5, 32.5), (0.0, 0.0), (0.0, 0.0), (32.625, 32.625), (63.5, 63.5)]
[(42.0, 42.0), (32.0, 32.0), (5.0, 5.0), (-60.0, -60.0), (13.0, 13.0), (31.0, 31.0), (63.0, 63.0), (32.5, 32.5), (0.0, 0.0), (0.0, 0.0), (32.625, 32.625), (63.5, 63.5)]
[(42.0, 42.0), (32.0, 32.0), (5.0, 5.0), (-60.0, -60.0), (13.0, 13.0), (31.0, 31.0), (63.0, 63.0), (32.5, 32.5), (0.0, 0.0), (0.0, 0.0), (32.625, 32.625), (63.5, 63.5)]
[(42.0, 42.0), (32.0, 32.0), (5.0, 5.0), (-60.0, -60.0), (13.0, 13.0), (31.0, 31.0), (63.0, 63.0), (32.5, 32.5), (0.0, 0.0), (0.0, 0.0), (32.625, 32.625), (63.5, 63.5)]
[(42.0, 42.0), (32.0, 32.0), (5.0, 5.0), (-60.0, -60.0), (13.0, 13.0), (31.0, 31.0), (63.0, 63.0), (32.5, 32.5), (0.0, 0.0), (0.0, 0.0), (32.625, 32.625), (63.5, 63.5)]
[(42.0, 42.0), (32.0, 32.0), (5.0, 5.0), (-60.0, -60.0), (13.0, 13.0), (31.0, 31.0), (63.0, 63.0), (32.5, 32.5), (0.0, 0.0), (0.0, 0.0), (32.625, 32.625), (63.5, 63.5)]
[(42.0, 42.0), (32.0, 32.0), (5.0, 5.0), (-60.0, -60.0), (13.0, 13.0), (31.0, 31.0), (63.0, 63.0), (32.5, 32.5), (0.0, 0.0), (0.0, 0.0), (32.625, 32.625), (63.5, 63.5)]
[(42.0, 42.0), (32.0, 32.0), (5.0, 5.0), (-60.0, -60.0), (13.0, 13.0), (31.0, 31.0), (63.0, 63.0), (32.5, 32.5), (0.0, 0.0), (0.0, 0.0), (32.625, 32.625), (63.5, 63.5)]
[(42.0, 42.0), (32.0, 32.0), (5.0, 5.0), (-60.0, -60.0), (13.0, 13.0), (31.0, 31.0), (63.0, 63.0), (32.0, 32.0), (0.0, 0.0), (0.0, 0.0), (32.375, 32.375), (63.5, 63.5)]
[(42.0, 42.0), (32.0, 32.0), (5.0, 5.0), (-60.0, -60.0), (13.0, 13.0), (31.0, 31.0), (63.0, 63.0), (32.0, 32.0), (0.0, 0.0), (0.0, 0.0), (32.375, 32.375), (63.5, 63.5)]
[(42.0, 42.0), (32.0, 32.0), (5.0, 5.0), (-60.0, -60.0), (13.0, 13.0), (31.0, 31.0), (63.0, 63.0), (32.0, 32.0), (0.0, 0.0), (0.0, 0.0), (32.375, 32.375), (63.5, 63.5)]
[(42.0, 42.0), (32.0, 32.0), (5.0, 5.0), (-60.0, -60.0), (13.0, 13.0), (31.0, 31.0), (63.0, 63.0), (32.0, 32.0), (0.0, 0.0), (0.0, 0.0), (32.375, 32.375), (63.5, 63.5)]
[(42.0, 42.0), (32.0, 32.0), (5.0, 5.0), (-60.0, -60.0), (13.0, 13.0), (31.0, 31.0), (63.0, 63.0), (32.0, 32.0), (0.0, 0.0), (0.0, 0.0), (32.375, 32.375), (63.5, 63.5)]
[(42.0, 42.0), (32.0, 32.0), (5.0, 5.0), (-60.0, -60.0), (13.0, 13.0), (31.0, 31.0), (63.0, 63.0), (32.0, 32.0), (0.0, 0.0), (0.0, 0.0), (32.125, 32.125), (63.5, 63.5)]
[(42.0, 42.0), (32.0, 32.0), (5.0, 5.0), (-60.0, -60.0), (13.0, 13.0), (31.0, 31.0), (63.0, 63.0), (32.0, 32.0), (0.0, 0.0), (0.0, 0.0), (32.125, 32.125), (63.5, 63.5)]
[(42.0, 42.0), (32.0, 32.0), (5.0, 5.0), (-60.0, -60.0), (13.0, 13.0), (31.0, 31.0), (63.0, 63.0), (32.0, 32.0), (0.0, 0.0), (0.0, 0.0), (32.125, 32.125), (63.5, 63.5)]
[(42.0, 42.0), (32.0, 32.0), (5.0, 5.0), (-60.0, -60.0), (13.0, 13.0), (31.0, 31.0), (63.0, 63.0), (32.0, 32.0), (0.0, 0.0), (0.0, 0.0), (32.125, 32.125), (63.5, 63.5)]
[(42.0, 42.0), (32.0, 32.0), (5.0, 5.0), (-60.0, -60.0), (13.0, 13.0), (31.0, 31.0), (63.0, 63.0), (32.0, 32.0), (0.0, 0.0), (0.0, 0.0), (32.125, 32.125), (63.5, 63.5)]
[(42.0, 42.0), (32.0, 32.0), (5.0, 5.0), (-60.0, -60.0), (13.0, 13.0), (31.0, 31.0), (63.0, 63.0), (32.0, 32.0), (0.0, 0.0), (0.0, 0.0), (32.0, 32.0), (63.5, 63.5)]
[(42.0, 42.0), (32.0, 32.0), (5.0, 5.0), (-60.0, -60.0), (13.0, 13.0), (31.0, 31.0), (63.0, 63.0), (32.0, 32.0), (0.0, 0.0), (0.0, 0.0), (32.0, 32.0), (63.5, 63.5)]
[(42.0, 42.0), (32.0, 32.0), (5.0, 5.0), (-60.0, -60.0), (13.0, 13.0), (31.0, 31.0), (63.0, 63.0), (32.0, 32.0), (0.0, 0.0), (0.0, 0.0), (32.0, 32.0), (63.5, 63.5)]
[(42.0, 42.0), (32.0, 32.0), (5.0, 5.0), (-60.0, -60.0), (13.0, 13.0), (31.0, 31.0), (63.0, 63.0), (32.0, 32.0), (0.0, 0.0), (0.0, 0.0), (32.0, 32.0), (63.5, 63.5)]
[(42.0, 42.0), (32.0, 32.0), (5.0, 5.0), (-60.0, -60.0), (13.0, 13.0), (31.0, 31.0), (63.0, 63.0), (32.0, 32.0), (0.0, 0.0), (0.0, 0.0), (32.0, 32.0), (63.5, 63.5)]
[(42.0, 42.0), (32.0, 32.0), (5.0, 5.0), (-60.0, -60.0), (13.0, 13.0), (31.0, 31.0), (63.0, 63.0), (32.0, 32.0), (0.0, 0.0), (0.0, 0.0), (32.0, 32.0), (63.5, 63.5)]
[(42.0, 42.0), (32.0, 32.0), (5.0, 5.0), (-60.0, -60.0), (13.0, 13.0), (31.0, 31.0), (63.0, 63.0), (32.0, 32.0), (0.0, 0.0), (0.0, 0.0), (32.0, 32.0), (63.5, 63.5)]
[(42.0, 42.0), (32.0, 32.0), (5.0, 5.0), (-60.0, -60.0), (13.0, 13.0), (31.0, 31.0), (63.0, 63.0), (32.0, 32.0), (0.0, 0.0), (0.0, 0.0), (32.0, 32.0), (63.5, 63.5)]
[(42.0, 42.0), (32.0, 32.0), (5.0, 5.0), (-60.0, -60.0), (13.0, 13.0), (31.0, 31.0), (63.0, 63.0), (32.0, 32.0), (0.0, 0.0), (0.0, 0.0), (32.0, 32.0), (63.5, 63.5)]
[(42.0, 42.0), (32.0, 32.0), (5.0, 5.0), (-60.0, -60.0), (13.0, 13.0), (31.0, 31.0), (63.0, 63.0), (32.0, 32.0), (0.0, 0.0), (0.0, 0.0), (32.0, 32.0), (63.5, 63.5)]
[(42.0, 42.0), (32.0, 32.0), (5.0, 5.0), (-60.0, -60.0), (13.0, 13.0), (31.0, 31.0), (63.0, 63.0), (32.0, 32.0), (0.0, 0.0), (0.0, 0.0), (32.0, 32.0), (63.5, 63.5)]
[(42.0, 42.0), (32.0, 32.0), (5.0, 5.0), (-60.0, -60.0), (13.0, 13.0), (31.0, 31.0), (63.0, 63.0), (32.0, 32.0), (0.0, 0.0), (0.0, 0.0), (32.0, 32.0), (63.5, 63.5)]
[(42.0, 42.0), (32.0, 32.0), (5.0, 5.0), (-60.0, -60.0), (13.0, 13.0), (31.0, 31.0), (63.0, 63.0), (32.0, 32.0), (0.0, 0.0), (0.0, 0.0), (32.0, 32.0), (63.5, 63.5)]
[(42.0, 42.0), (32.0, 32.0), (5.0, 5.0), (-60.0, -60.0), (13.0, 13.0), (31.0, 31.0), (63.0, 63.0), (32.0, 32.0), (0.0, 0.0), (0.0, 0.0), (32.0, 32.0), (63.5, 63.5)]
[(42.0, 42.0), (32.0, 32.0), (5.0, 5.0), (-60.0, -60.0), (13.0, 13.0), (31.0, 31.0), (63.0, 63.0), (32.0, 32.0), (0.0, 0.0), (0.0, 0.0), (32.0, 32.0), (63.5, 63.5)]
[(42.0, 42.0), (32.0, 32.0), (5.0, 5.0), (-60.0, -60.0), (12.0, 12.0), (31.0, 31.0), (63.0, 63.0), (31.5, 31.5), (0.0, 0.0), (0.0, 0.0), (31.875, 31.875), (63.5, 63.5)]
[(42.0, 42.0), (32.0, 32.0), (5.0, 5.0), (-60.0, -60.0), (12.0, 12.0), (31.0, 31.0), (63.0, 63.0), (31.5, 31.5), (0.0, 0.0), (0.0, 0.0), (31.875, 31.875), (63.5, 63.5)]
[(42.0, 42.0), (32.0, 32.0), (5.0, 5.0), (-60.0, -60.0), (12.0, 12.0), (31.0, 31.0), (63.0, 63.0), (31.5, 31.5), (0.0, 0.0), (0.0, 0.0), (31.875, 31.875), (63.5, 63.5)]
[(42.0, 42.0), (32.0, 32.0), (5.0, 5.0), (-60.0, -60.0), (12.0, 12.0), (31.0, 31.0), (63.0, 63.0), (31.5, 31.5), (0.0, 0.0), (0.0, 0.0), (31.875, 31.875), (63.5, 63.5)]
[(42.0, 42.0), (32.0, 32.0), (5.0, 5.0), (-60.0, -60.0), (12.0, 12.0), (31.0, 31.0), (63.0, 63.0), (31.5, 31.5), (0.0, 0.0), (0.0, 0.0), (31.875, 31.875), (63.5, 63.5)]
[(42.0, 42.0), (32.0, 32.0), (5.0, 5.0), (-60.0, -60.0), (12.0, 12.0), (31.0, 31.0), (63.0, 63.0), (32.5, 32.5), (0.0, 0.0), (0.0, 0.0), (32.75, 32.75), (63.5, 63.5)]
[(42.0, 42.0), (32.0, 32.0), (5.0, 5.0), (-60.0, -60.0), (12.0, 12.0), (31.0, 31.0), (63.0, 63.0), (32.5, 32.5), (0.0, 0.0), (0.0, 0.0), (32.75, 32.75), (63.5, 63.5)]
[(42.0, 42.0), (32.0, 32.0), (5.0, 5.0), (-60.0, -60.0), (12.0, 12.0), (31.0, 31.0), (63.0, 63.0), (32.5, 32.5), (0.0, 0.0), (0.0, 0.0), (32.75, 32.75), (63.5, 63.5)]
[(42.0, 42.0), (32.0, 32.0), (5.0, 5.0), (-60.0, -60.0), (12.0, 12.0), (31.0, 31.0), (63.0, 63.0), (32.5, 32.5), (0.0, 0.0), (0.0, 0.0), (32.75, 32.75), (63.5, 63.5)]
[(42.0, 42.0), (32.0, 32.0), (5.0, 5.0), (-60.0, -60.0), (12.0, 12.0), (31.0, 31.0), (63.0, 63.0), (32.5, 32.5), (0.0, 0.0), (0.0, 0.0), (32.75, 32.75), (63.5, 63.5)]
[(42.0, 42.0), (32.0, 32.0), (5.0, 5.0), (-60.0, -60.0), (13.0, 13.0), (31.0, 31.0), (63.0, 63.0), (32.5, 32.5), (0.0, 0.0), (0.0, 0.0), (32.5, 32.5), (63.5, 63.5)]
[(42.0, 42.0), (32.0, 32.0), (5.0, 5.0), (-60.0, -60.0), (13.0, 13.0), (31.0, 31.0), (63.0, 63.0), (32.5, 32.5), (0.0, 0.0), (0.0, 0.0), (32.5, 32.5), (63.5, 63.5)]
[(42.0, 42.0), (32.0, 32.0), (5.0, 5.0), (-60.0, -60.0), (13.0, 13.0), (31.0, 31.0), (63.0, 63.0), (32.5, 32.5), (0.0, 0.0), (0.0, 0.0), (32.5, 32.5), (63.5, 63.5)]
[(42.0, 42.0), (32.0, 32.0), (5.0, 5.0), (-60.0, -60.0), (13.0, 13.0), (31.0, 31.0), (63.0, 63.0), (32.5, 32.5), (0.0, 0.0), (0.0, 0.0), (32.5, 32.5), (63.5, 63.5)]
[(42.0, 42.0), (32.0, 32.0), (5.0, 5.0), (-60.0, -60.0), (13.0, 13.0), (31.0, 31.0), (63.0, 63.0), (32.5, 32.5), (0.0, 0.0), (0.0, 0.0), (32.5, 32.5), (63.5, 63.5)]
[(42.0, 42.0), (32.0, 32.0), (5.0, 5.0), (-60.0, -60.0), (13.0, 13.0), (31.0, 31.0), (63.0, 63.0), (32.0, 32.0), (0.0, 0.0), (0.0, 0.0), (32.375, 32.375), (63.5, 63.5)]
[(42.0, 42.0), (32.0, 32.0), (5.0, 5.0), (-60.0, -60.0), (13.0, 13.0), (31.0, 31.0), (63.0, 63.0), (32.0, 32.0), (0.0, 0.0), (0.0, 0.0), (32.375, 32.375), (63.5, 63.5)]
[(42.0, 42.0), (32.0, 32.0), (5.0, 5.0), (-60.0, -60.0), (13.0, 13.0), (31.0, 31.0), (63.0, 63.0), (32.0, 32.0), (0.0, 0.0), (0.0, 0.0), (32.375, 32.375), (63.5, 63.5)]
[(42.0, 42.0), (32.0, 32.0), (5.0, 5.0), (-60.0, -60.0), (13.0, 13.0), (31.0, 31.0), (63.0, 63.0), (32.0, 32.0), (0.0, 0.0), (0.0, 0.0), (32.375, 32.375), (63.5, 63.5)]
[(42.0, 42.0), (32.0, 32.0), (5.0, 5.0), (-60.0, -60.0), (13.0, 13.0), (31.0, 31.0), (63.0, 63.0), (32.0, 32.0), (0.0, 0.0), (0.0, 0.0), (32.375, 32.375), (63.5, 63.5)]
[(42.0, 42.0), (32.0, 32.0), (5.0, 5.0), (-60.0, -60.0), (13.0, 13.0), (31.0, 31.0), (63.0, 63.0), (33.5, 33.5), (0.0, 0.0), (0.0, 0.0), (33.75, 33.75), (63.5, 63.5)]
[(42.0, 42.0), (32.0, 32.0), (5.0, 5.0), (-60.0, -60.0), (13.0, 13.0), (31.0, 31.0), (63.0, 63.0), (33.5, 33.5), (0.0, 0.0), (0.0, 0.0), (33.75, 33.75), (63.5, 63.5)]
[(47.25, 47.25), (36.5, 36.5)]
[(47.25, 47.25), (36.75, 36.75)]
[(47.25, 47.25), (36.5, 36.5)]
[(33.875, 33.875), (29.0, 29.0), (31.25, 31.25)]
[(33.75, 33.75), (29.0, 29.0), (31.25, 31.25)]
[(33.625, 33.625), (29.0, 29.0), (31.0, 31.0)]
[(47.25, 47.25), (36.5, 36.5)]
[(47.25, 47.25), (36.5, 36.5)]
[(47.25, 47.25), (36.5, 36.5)]
[(47.25, 47.25), (36.5, 36.5)]
[(47.25, 47.25), (36.5, 36.5)]
[(47.25, 47.25), (36.75, 36.75)]
[(47.25, 47.25), (36.5, 36.5)]
[(42.0, 42.0), (32.0, 32.0), (5.0, 5.0), (-60.0, -60.0), (13.0, 13.0), (31.0, 31.0), (63.0, 63.0), (33.0, 33.0), (0.0, 0.0), (0.0, 0.0), (33.125, 33.125), (63.5, 63.5)]
[(42.0, 42.0), (32.0, 32.0), (5.0, 5.0), (-60.0, -60.0), (13.0, 13.0), (31.0, 31.0), (63.0, 63.0), (33.0, 33.0), (0.0, 0.0), (0.0, 0.0), (33.125, 33.125), (63.5, 63.5)]
[(42.0, 42.0), (32.0, 32.0), (5.0, 5.0), (-60.0, -60.0), (13.0, 13.0), (31.0, 31.0), (63.0, 63.0), (33.0, 33.0), (0.0, 0.0), (0.0, 0.0), (33.125, 33.125), (63.5, 63.5)]
[(47.25, 47.25), (36.5, 36.5)]
[(47.25, 47.25), (36.5, 36.5)]
[(47.25, 47.25), (36.5, 36.5)]
[(42.0, 42.0), (32.0, 32.0), (5.0, 5.0), (-60.0, -60.0), (12.0, 12.0), (31.0, 31.0), (63.0, 63.0), (32.5, 32.5), (0.0, 0.0), (0.0, 0.0), (32.75, 32.75), (63.5, 63.5)]
[(42.0, 42.0), (32.0, 32.0), (5.0, 5.0), (-60.0, -60.0), (12.0, 12.0), (31.0, 31.0), (63.0, 63.0), (32.5, 32.5), (0.0, 0.0), (0.0, 0.0), (32.75, 32.75), (63.5, 63.5)]
[(42.0, 42.0), (32.0, 32.0), (5.0, 5.0), (-60.0, -60.0), (12.0, 12.0), (31.0, 31.0), (63.0, 63.0), (32.5, 32.5), (0.0, 0.0), (0.0, 0.0), (32.75, 32.75), (63.5, 63.5)]
[(42.0, 42.0), (32.0, 32.0), (5.0, 5.0), (-60.0, -60.0), (12.0, 12.0), (31.0, 31.0), (63.0, 63.0), (32.5, 32.5), (0.0, 0.0), (0.0, 0.0), (32.75, 32.75), (63.5, 63.5)]
[(42.0, 42.0), (32.0, 32.0), (5.0, 5.0), (-60.0, -60.0), (12.0, 12.0), (31.0, 31.0), (63.0, 63.0), (32.5, 32.5), (0.0, 0.0), (0.0, 0.0), (32.75, 32.75), (63.5, 63.5)]
[(47.25, 47.25), (36.75, 36.75)]
[(47.25, 47.25), (36.5, 36.5)]
[(32.625, 32.625), (29.0, 29.0), (31.75, 31.75)]
[(32.625, 32.625), (28.75, 28.75), (31.5, 31.5)]
[(58.0, 58.0), (69.0, 69.0), (86.0, 86.0)]
[(59.0, 59.0), (70.0, 70.0), (86.0, 86.0)]
[(59.0, 59.0), (70.0, 70.0), (86.0, 86.0)]
[(32.625, 32.625), (37.5, 37.5), (31.75, 31.75)]
[(32.5, 32.5), (28.5, 28.5), (31.75, 31.75)]
[(32.625, 32.625), (28.75, 28.75), (31.75, 31.75)]
[(32.625, 32.625), (29.25, 29.25), (31.25, 31.25)]
[(32.625, 32.625), (28.5, 28.5), (31.5, 31.5)]
[(32.625, 32.625), (29.0, 29.0), (31.5, 31.5)]
[(32.5, 32.5), (28.5, 28.5), (32.0, 32.0)]
[(32.5, 32.5), (29.0, 29.0), (31.75, 31.75)]
[(32.5, 32.5), (29.5, 29.5), (31.75, 31.75)]
[(32.375, 32.375), (29.0, 29.0), (31.25, 31.25)]
[(32.375, 32.375), (28.25, 28.25), (32.25, 32.25)]
[(32.375, 32.375), (28.5, 28.5), (31.25, 31.25)]
[(32.25, 32.25), (28.75, 28.75), (31.75, 31.75)]
[(32.25, 32.25), (28.5, 28.5), (31.75, 31.75)]
[(32.25, 32.25), (29.0, 29.0), (31.75, 31.75)]
[(32.125, 32.125), (28.75, 28.75), (31.5, 31.5)]
[(32.125, 32.125), (28.75, 28.75), (32.0, 32.0)]
[(32.125, 32.125), (27.75, 27.75), (31.75, 31.75)]
[(32.0, 32.0), (28.75, 28.75), (31.5, 31.5)]
[(59.0, 59.0), (70.0, 70.0), (86.0, 86.0)]
[(59.0, 59.0), (70.0, 70.0), (86.0, 86.0)]
[(59.0, 59.0), (70.0, 70.0), (86.0, 86.0)]
[(59.0, 59.0), (70.0, 70.0), (86.0, 86.0)]
[(44.0, 44.0)]
[(44.0, 44.0)]
[(44.0, 44.0)]
[(44.0, 44.0)]
[(54.85, 54.85), (54.85, 54.85), (63.85, 63.85)]
[(54.85, 54.85), (54.85, 54.85), (63.85, 63.85)]
[(54.85, 54.85), (54.85, 54.85), (63.85, 63.85)]
[(54.85, 54.85), (54.85, 54.85), (65.85, 65.85)]
[(54.85, 54.85), (54.85, 54.85), (65.85, 65.85)]
[(54.85, 54.85), (54.85, 54.85), (66.85, 66.85)]
[(54.85, 54.85), (54.85, 54.85), (65.85, 65.85)]
[(54.85, 54.85), (54.85, 54.85), (65.85, 65.85)]
[(54.85, 54.85), (54.85, 54.85), (63.85, 63.85)]
[(54.85, 54.85), (54.85, 54.85), (65.85, 65.85)]
[(54.85, 54.85), (54.85, 54.85), (65.85, 65.85)]
[(44.0, 44.0)]
[(44.0, 44.0)]
[(59.0, 59.0), (70.0, 70.0), (86.0, 86.0)]
[(59.0, 59.0), (70.0, 70.0), (86.0, 86.0)]
[(59.0, 59.0), (70.0, 70.0), (86.0, 86.0)]
[(59.0, 59.0), (70.0, 70.0), (86.0, 86.0)]
[(59.0, 59.0), (70.0, 70.0), (86.0, 86.0)]
[(59.0, 59.0), (70.0, 70.0), (86.0, 86.0)]
[(59.0, 59.0), (70.0, 70.0), (86.0, 86.0)]
[(59.0, 59.0), (70.0, 70.0), (86.0, 86.0)]
[(59.0, 59.0), (70.0, 70.0), (86.0, 86.0)]
[(59.0, 59.0), (70.0, 70.0), (86.0, 86.0)]
[(59.0, 59.0), (70.0, 70.0), (86.0, 86.0)]
[(59.0, 59.0), (70.0, 70.0), (86.0, 86.0)]
[(59.0, 59.0), (70.0, 70.0), (86.0, 86.0)]
[(59.0, 59.0), (70.0, 70.0), (86.0, 86.0)]
[(59.0, 59.0), (70.0, 70.0), (86.0, 86.0)]
[(59.0, 59.0), (70.0, 70.0), (86.0, 86.0)]
[(59.0, 59.0), (70.0, 70.0), (86.0, 86.0)]
[(59.0, 59.0), (70.0, 70.0), (86.0, 86.0)]
[(59.0, 59.0), (70.0, 70.0), (86.0, 86.0)]
[(59.0, 59.0), (70.0, 70.0), (86.0, 86.0)]
[(59.0, 59.0), (70.0, 70.0), (86.0, 86.0)]
[(59.0, 59.0), (70.0, 70.0), (86.0, 86.0)]
[(59.0, 59.0), (70.0, 70.0), (86.0, 86.0)]
[(59.0, 59.0), (70.0, 70.0), (86.0, 86.0)]
[(59.0, 59.0), (70.0, 70.0), (86.0, 86.0)]
[(59.0, 59.0), (70.0, 70.0), (86.0, 86.0)]
[(59.0, 59.0), (70.0, 70.0), (86.0, 86.0)]
[(59.0, 59.0), (70.0, 70.0), (86.0, 86.0)]
[(59.0, 59.0), (70.0, 70.0), (86.0, 86.0)]
[(59.0, 59.0), (70.0, 70.0), (86.0, 86.0)]
[(59.0, 59.0), (70.0, 70.0), (86.0, 86.0)]
[(59.0, 59.0), (70.0, 70.0), (86.0, 86.0)]
[(59.0, 59.0), (70.0, 70.0), (86.0, 86.0)]
[(59.0, 59.0), (70.0, 70.0), (86.0, 86.0)]
[(59.0, 59.0), (70.0, 70.0), (86.0, 86.0)]
[(59.0, 59.0), (70.0, 70.0), (86.0, 86.0)]
[(59.0, 59.0), (70.0, 70.0), (86.0, 86.0)]
[(59.0, 59.0), (70.0, 70.0), (86.0, 86.0)]
[(59.0, 59.0), (70.0, 70.0), (86.0, 86.0)]
[(59.0, 59.0), (70.0, 70.0), (86.0, 86.0)]
[(59.0, 59.0), (70.0, 70.0), (86.0, 86.0)]
[(59.0, 59.0), (70.0, 70.0), (86.0, 86.0)]
[(59.0, 59.0), (70.0, 70.0), (86.0, 86.0)]
[(59.0, 59.0), (70.0, 70.0), (86.0, 86.0)]
[(59.0, 59.0), (70.0, 70.0), (86.0, 86.0)]
[(59.0, 59.0), (70.0, 70.0), (86.0, 86.0)]
[(59.0, 59.0), (70.0, 70.0), (86.0, 86.0)]
[(59.0, 59.0), (70.0, 70.0), (86.0, 86.0)]
[(59.0, 59.0), (70.0, 70.0), (86.0, 86.0)]
[(59.0, 59.0), (70.0, 70.0), (86.0, 86.0)]
[(59.0, 59.0), (70.0, 70.0), (86.0, 86.0)]
[(59.0, 59.0), (70.0, 70.0), (86.0, 86.0)]
[(59.0, 59.0), (70.0, 70.0), (85.0, 85.0)]
[(60.0, 60.0), (70.0, 70.0), (85.0, 85.0)]
[(59.0, 59.0), (70.0, 70.0), (84.0, 84.0)]
[(59.0, 59.0), (70.0, 70.0), (84.0, 84.0)]
[(59.0, 59.0), (70.0, 70.0), (86.0, 86.0)]
[(59.0, 59.0), (70.0, 70.0), (86.0, 86.0)]
[(59.0, 59.0), (70.0, 70.0), (86.0, 86.0)]
[(59.0, 59.0), (70.0, 70.0), (86.0, 86.0)]
[(59.0, 59.0), (70.0, 70.0), (86.0, 86.0)]
[(59.0, 59.0), (70.0, 70.0), (86.0, 86.0)]
[(59.0, 59.0), (70.0, 70.0), (86.0, 86.0)]
[(59.0, 59.0), (70.0, 70.0), (86.0, 86.0)]
[(59.0, 59.0), (70.0, 70.0), (86.0, 86.0)]
[(59.0, 59.0), (70.0, 70.0), (86.0, 86.0)]
[(59.0, 59.0), (70.0, 70.0), (86.0, 86.0)]
[(59.0, 59.0), (70.0, 70.0), (86.0, 86.0)]
[(59.0, 59.0), (70.0, 70.0), (86.0, 86.0)]
[(59.0, 59.0), (70.0, 70.0), (86.0, 86.0)]
[(59.0, 59.0), (70.0, 70.0), (86.0, 86.0)]
[(59.0, 59.0), (70.0, 70.0), (86.0, 86.0)]
[(59.0, 59.0), (70.0, 70.0), (86.0, 86.0)]
[(59.0, 59.0), (70.0, 70.0), (86.0, 86.0)]
[(59.0, 59.0), (70.0, 70.0), (86.0, 86.0)]
[(59.0, 59.0), (70.0, 70.0), (86.0, 86.0)]
[(59.0, 59.0), (70.0, 70.0), (86.0, 86.0)]
[(59.0, 59.0), (70.0, 70.0), (86.0, 86.0)]
[(59.0, 59.0), (70.0, 70.0), (86.0, 86.0)]
[(59.0, 59.0), (70.0, 70.0), (86.0, 86.0)]
[(59.0, 59.0), (70.0, 70.0), (86.0, 86.0)]
[(59.0, 59.0), (70.0, 70.0), (86.0, 86.0)]
[(59.0, 59.0), (70.0, 70.0), (86.0, 86.0)]
[(59.0, 59.0), (70.0, 70.0), (86.0, 86.0)]
[(59.0, 59.0), (70.0, 70.0), (86.0, 86.0)]
[(59.0, 59.0), (70.0, 70.0), (86.0, 86.0)]
[(59.0, 59.0), (70.0, 70.0), (86.0, 86.0)]
[(59.0, 59.0), (70.0, 70.0), (86.0, 86.0)]
[(59.0, 59.0), (70.0, 70.0), (86.0, 86.0)]
[(59.0, 59.0), (70.0, 70.0), (86.0, 86.0)]
[(59.0, 59.0), (70.0, 70.0), (86.0, 86.0)]
[(59.0, 59.0), (70.0, 70.0), (86.0, 86.0)]
[(59.0, 59.0), (70.0, 70.0), (86.0, 86.0)]
[(59.0, 59.0), (70.0, 70.0), (86.0, 86.0)]
[(60.0, 60.0), (70.0, 70.0), (86.0, 86.0)]
[(59.0, 59.0), (70.0, 70.0), (86.0, 86.0)]
[(60.0, 60.0), (70.0, 70.0), (86.0, 86.0)]
[(60.0, 60.0), (70.0, 70.0), (86.0, 86.0)]
[(59.0, 59.0), (70.0, 70.0), (86.0, 86.0)]
[(59.0, 59.0), (70.0, 70.0), (86.0, 86.0)]
[(59.0, 59.0), (70.0, 70.0), (86.0, 86.0)]
[(59.0, 59.0), (71.0, 71.0), (86.0, 86.0)]
[(59.0, 59.0), (70.0, 70.0), (86.0, 86.0)]
[(59.0, 59.0), (70.0, 70.0), (86.0, 86.0)]
[(59.0, 59.0), (70.0, 70.0), (86.0, 86.0)]
[(59.0, 59.0), (70.0, 70.0), (86.0, 86.0)]
[(59.0, 59.0), (70.0, 70.0), (86.0, 86.0)]
[(59.0, 59.0), (70.0, 70.0), (86.0, 86.0)]
[(59.0, 59.0), (70.0, 70.0), (86.0, 86.0)]
[(60.0, 60.0), (70.0, 70.0), (86.0, 86.0)]
[(60.0, 60.0), (70.0, 70.0), (86.0, 86.0)]
[(59.0, 59.0), (70.0, 70.0), (86.0, 86.0)]
[(59.0, 59.0), (70.0, 70.0), (86.0, 86.0)]
[(59.0, 59.0), (70.0, 70.0), (86.0, 86.0)]
[(59.0, 59.0), (70.0, 70.0), (86.0, 86.0)]
[(59.0, 59.0), (70.0, 70.0), (86.0, 86.0)]
[(59.0, 59.0), (70.0, 70.0), (86.0, 86.0)]
[(59.0, 59.0), (70.0, 70.0), (86.0, 86.0)]
[(59.0, 59.0), (70.0, 70.0), (86.0, 86.0)]
[(59.0, 59.0), (70.0, 70.0), (86.0, 86.0)]
[(59.0, 59.0), (70.0, 70.0), (86.0, 86.0)]
[(59.0, 59.0), (70.0, 70.0), (86.0, 86.0)]
[(59.0, 59.0), (70.0, 70.0), (86.0, 86.0)]
[(59.0, 59.0), (70.0, 70.0), (86.0, 86.0)]
[(59.0, 59.0), (70.0, 70.0), (86.0, 86.0)]
[(59.0, 59.0), (70.0, 70.0), (86.0, 86.0)]
[(59.0, 59.0), (70.0, 70.0), (86.0, 86.0)]
[(59.0, 59.0), (70.0, 70.0), (86.0, 86.0)]
[(59.0, 59.0), (70.0, 70.0), (86.0, 86.0)]
[(59.0, 59.0), (70.0, 70.0), (86.0, 86.0)]
[(59.0, 59.0), (70.0, 70.0), (86.0, 86.0)]
[(59.0, 59.0), (70.0, 70.0), (86.0, 86.0)]
[(59.0, 59.0), (70.0, 70.0), (86.0, 86.0)]
[(59.0, 59.0), (70.0, 70.0), (86.0, 86.0)]
[(59.0, 59.0), (70.0, 70.0), (86.0, 86.0)]
[(59.0, 59.0), (70.0, 70.0), (86.0, 86.0)]
[(59.0, 59.0), (70.0, 70.0), (86.0, 86.0)]
[(59.0, 59.0), (70.0, 70.0), (86.0, 86.0)]
[(59.0, 59.0), (70.0, 70.0), (86.0, 86.0)]
[(59.0, 59.0), (70.0, 70.0), (86.0, 86.0)]
[(59.0, 59.0), (70.0, 70.0), (86.0, 86.0)]
[(59.0, 59.0), (70.0, 70.0), (86.0, 86.0)]
[(59.0, 59.0), (70.0, 70.0), (86.0, 86.0)]
[(59.0, 59.0), (70.0, 70.0), (86.0, 86.0)]
[(59.0, 59.0), (70.0, 70.0), (86.0, 86.0)]
[(59.0, 59.0), (70.0, 70.0), (86.0, 86.0)]
[(59.0, 59.0), (70.0, 70.0), (86.0, 86.0)]
[(59.0, 59.0), (70.0, 70.0), (86.0, 86.0)]
[(59.0, 59.0), (70.0, 70.0), (86.0, 86.0)]
[(59.0, 59.0), (70.0, 70.0), (86.0, 86.0)]
[(59.0, 59.0), (70.0, 70.0), (86.0, 86.0)]
[(59.0, 59.0), (70.0, 70.0), (86.0, 86.0)]
[(59.0, 59.0), (70.0, 70.0), (86.0, 86.0)]
[(59.0, 59.0), (70.0, 70.0), (86.0, 86.0)]
[(59.0, 59.0), (70.0, 70.0), (86.0, 86.0)]
[(59.0, 59.0), (70.0, 70.0), (86.0, 86.0)]
[(59.0, 59.0), (70.0, 70.0), (86.0, 86.0)]
[(59.0, 59.0), (70.0, 70.0), (86.0, 86.0)]
[(59.0, 59.0), (70.0, 70.0), (86.0, 86.0)]
[(59.0, 59.0), (70.0, 70.0), (86.0, 86.0)]
[(59.0, 59.0), (70.0, 70.0), (86.0, 86.0)]
[(59.0, 59.0), (70.0, 70.0), (86.0, 86.0)]
[(59.0, 59.0), (70.0, 70.0), (86.0, 86.0)]
[(59.0, 59.0), (70.0, 70.0), (86.0, 86.0)]
[(59.0, 59.0), (70.0, 70.0), (86.0, 86.0)]
[(59.0, 59.0), (70.0, 70.0), (86.0, 86.0)]
[(59.0, 59.0), (70.0, 70.0), (86.0, 86.0)]
[(59.0, 59.0), (70.0, 70.0), (86.0, 86.0)]
[(59.0, 59.0), (70.0, 70.0), (86.0, 86.0)]
[(59.0, 59.0), (70.0, 70.0), (86.0, 86.0)]
[(59.0, 59.0), (70.0, 70.0), (86.0, 86.0)]
[(59.0, 59.0), (70.0, 70.0), (86.0, 86.0)]
[(59.0, 59.0), (70.0, 70.0), (86.0, 86.0)]
[(59.0, 59.0), (70.0, 70.0), (86.0, 86.0)]
[(59.0, 59.0), (70.0, 70.0), (86.0, 86.0)]
[(59.0, 59.0), (70.0, 70.0), (86.0, 86.0)]
[(31.5, 31.5), (28.5, 28.5), (31.0, 31.0)]
[(31.5, 31.5), (28.5, 28.5), (31.75, 31.75)]
[(47.0, 47.0), (36.5, 36.5)]
[(42.0, 42.0), (32.0, 32.0), (5.0, 5.0), (-60.0, -60.0), (12.0, 12.0), (31.0, 31.0), (63.0, 63.0), (31.0, 31.0), (0.0, 0.0), (0.0, 0.0), (31.375, 31.375), (63.5, 63.5)]
[(42.0, 42.0), (32.0, 32.0), (5.0, 5.0), (-60.0, -60.0), (12.0, 12.0), (31.0, 31.0), (63.0, 63.0), (31.0, 31.0), (0.0, 0.0), (0.0, 0.0), (31.375, 31.375), (63.5, 63.5)]
[(42.0, 42.0), (32.0, 32.0), (5.0, 5.0), (-60.0, -60.0), (12.0, 12.0), (31.0, 31.0), (63.0, 63.0), (31.0, 31.0), (0.0, 0.0), (0.0, 0.0), (31.375, 31.375), (63.5, 63.5)]
[(42.0, 42.0), (32.0, 32.0), (5.0, 5.0), (-60.0, -60.0), (12.0, 12.0), (31.0, 31.0), (63.0, 63.0), (31.0, 31.0), (0.0, 0.0), (0.0, 0.0), (31.375, 31.375), (63.5, 63.5)]
[(42.0, 42.0), (32.0, 32.0), (5.0, 5.0), (-60.0, -60.0), (12.0, 12.0), (31.0, 31.0), (63.0, 63.0), (31.0, 31.0), (0.0, 0.0), (0.0, 0.0), (31.375, 31.375), (63.5, 63.5)]
[(42.0, 42.0), (32.0, 32.0), (5.0, 5.0), (-60.0, -60.0), (13.0, 13.0), (31.0, 31.0), (63.0, 63.0), (31.5, 31.5), (0.0, 0.0), (0.0, 0.0), (31.625, 31.625), (63.5, 63.5)]
[(42.0, 42.0), (32.0, 32.0), (5.0, 5.0), (-60.0, -60.0), (13.0, 13.0), (31.0, 31.0), (63.0, 63.0), (31.5, 31.5), (0.0, 0.0), (0.0, 0.0), (31.625, 31.625), (63.5, 63.5)]
[(42.0, 42.0), (32.0, 32.0), (5.0, 5.0), (-60.0, -60.0), (13.0, 13.0), (31.0, 31.0), (63.0, 63.0), (31.5, 31.5), (0.0, 0.0), (0.0, 0.0), (31.625, 31.625), (63.5, 63.5)]
[(42.0, 42.0), (32.0, 32.0), (5.0, 5.0), (-60.0, -60.0), (13.0, 13.0), (31.0, 31.0), (63.0, 63.0), (31.5, 31.5), (0.0, 0.0), (0.0, 0.0), (31.625, 31.625), (63.5, 63.5)]
[(42.0, 42.0), (32.0, 32.0), (5.0, 5.0), (-60.0, -60.0), (13.0, 13.0), (31.0, 31.0), (63.0, 63.0), (31.5, 31.5), (0.0, 0.0), (0.0, 0.0), (31.625, 31.625), (63.5, 63.5)]
[(42.0, 42.0), (32.0, 32.0), (5.0, 5.0), (-60.0, -60.0), (13.0, 13.0), (31.0, 31.0), (63.0, 63.0), (31.5, 31.5), (0.0, 0.0), (0.0, 0.0), (31.75, 31.75), (63.5, 63.5)]
[(42.0, 42.0), (32.0, 32.0), (5.0, 5.0), (-60.0, -60.0), (13.0, 13.0), (31.0, 31.0), (63.0, 63.0), (31.5, 31.5), (0.0, 0.0), (0.0, 0.0), (31.75, 31.75), (63.5, 63.5)]
[(42.0, 42.0), (32.0, 32.0), (5.0, 5.0), (-60.0, -60.0), (13.0, 13.0), (31.0, 31.0), (63.0, 63.0), (31.5, 31.5), (0.0, 0.0), (0.0, 0.0), (31.75, 31.75), (63.5, 63.5)]
[(42.0, 42.0), (32.0, 32.0), (5.0, 5.0), (-60.0, -60.0), (13.0, 13.0), (31.0, 31.0), (63.0, 63.0), (31.5, 31.5), (0.0, 0.0), (0.0, 0.0), (31.75, 31.75), (63.5, 63.5)]
[(42.0, 42.0), (32.0, 32.0), (5.0, 5.0), (-60.0, -60.0), (13.0, 13.0), (31.0, 31.0), (63.0, 63.0), (31.5, 31.5), (0.0, 0.0), (0.0, 0.0), (31.75, 31.75), (63.5, 63.5)]
[(42.0, 42.0), (32.0, 32.0), (5.0, 5.0), (-60.0, -60.0), (13.0, 13.0), (31.0, 31.0), (63.0, 63.0), (31.5, 31.5), (0.0, 0.0), (0.0, 0.0), (31.625, 31.625), (63.5, 63.5)]
[(42.0, 42.0), (32.0, 32.0), (5.0, 5.0), (-60.0, -60.0), (13.0, 13.0), (31.0, 31.0), (63.0, 63.0), (31.5, 31.5), (0.0, 0.0), (0.0, 0.0), (31.625, 31.625), (63.5, 63.5)]
[(42.0, 42.0), (32.0, 32.0), (5.0, 5.0), (-60.0, -60.0), (13.0, 13.0), (31.0, 31.0), (63.0, 63.0), (31.5, 31.5), (0.0, 0.0), (0.0, 0.0), (31.625, 31.625), (63.5, 63.5)]
[(42.0, 42.0), (32.0, 32.0), (5.0, 5.0), (-60.0, -60.0), (13.0, 13.0), (31.0, 31.0), (63.0, 63.0), (31.5, 31.5), (0.0, 0.0), (0.0, 0.0), (31.625, 31.625), (63.5, 63.5)]
[(42.0, 42.0), (32.0, 32.0), (5.0, 5.0), (-60.0, -60.0), (13.0, 13.0), (31.0, 31.0), (63.0, 63.0), (31.5, 31.5), (0.0, 0.0), (0.0, 0.0), (31.625, 31.625), (63.5, 63.5)]
[(42.0, 42.0), (32.0, 32.0), (5.0, 5.0), (-60.0, -60.0), (13.0, 13.0), (31.0, 31.0), (63.0, 63.0), (31.5, 31.5), (0.0, 0.0), (0.0, 0.0), (31.5, 31.5), (63.5, 63.5)]
[(47.25, 47.25), (36.5, 36.5)]
[(47.25, 47.25), (36.5, 36.5)]
[(47.0, 47.0), (36.5, 36.5)]
[(47.0, 47.0), (36.5, 36.5)]
[(47.0, 47.0), (36.5, 36.5)]
[(47.25, 47.25), (36.5, 36.5)]
[(47.0, 47.0), (36.5, 36.5)]
[(47.0, 47.0), (36.5, 36.5)]
[(47.25, 47.25), (36.5, 36.5)]
[(47.0, 47.0), (36.5, 36.5)]
[(47.0, 47.0), (36.5, 36.5)]
[(47.25, 47.25), (36.5, 36.5)]
[(47.0, 47.0), (36.5, 36.5)]
[(47.0, 47.0), (36.5, 36.5)]
[(47.25, 47.25), (36.5, 36.5)]
[(47.25, 47.25), (36.5, 36.5)]
[(47.0, 47.0), (36.75, 36.75)]
[(47.25, 47.25), (36.75, 36.75)]
[(47.25, 47.25), (36.5, 36.5)]
[(47.25, 47.25), (36.5, 36.5)]
[(47.25, 47.25), (36.75, 36.75)]
[(47.0, 47.0), (36.75, 36.75)]
[(47.25, 47.25), (36.5, 36.5)]
[(47.0, 47.0), (36.5, 36.5)]
[(47.0, 47.0), (36.5, 36.5)]
[(47.0, 47.0), (36.5, 36.5)]
[(47.25, 47.25), (36.5, 36.5)]
[(47.0, 47.0), (36.5, 36.5)]
[(47.0, 47.0), (36.5, 36.5)]
[(47.0, 47.0), (36.25, 36.25)]
[(47.0, 47.0), (36.5, 36.5)]
[(47.0, 47.0), (36.5, 36.5)]
[(47.0, 47.0), (36.5, 36.5)]
